<?xml version="1.0" encoding="UTF-8"?>
<!-- Generated by org.testng.reporters.JUnitReportReporter -->
<testsuite skipped="0" hostname="DESKTOP-26108FD" name="MyRunner.TestRunner" tests="1" failures="0" timestamp="14 May 2021 09:54:36 GMT" time="24.194" errors="0">
  <testcase name="feature" time="24.194" classname="MyRunner.TestRunner"/>
</testsuite> <!-- MyRunner.TestRunner -->
